<?xml version="1.0" encoding="UTF-8"?>
<!-- Generated by org.testng.reporters.JUnitReportReporter -->
<testsuite hostname="DESKTOP-FPHL6N3" failures="0" tests="1" name="Webdrivers.NavigatingMethods" time="201.760" errors="0" timestamp="2021-07-17T11:30:50 IST" skipped="0">
  <testcase classname="Webdrivers.NavigatingMethods" name="Script1" time="201.760"/>
  <system-out/>
</testsuite> <!-- Webdrivers.NavigatingMethods -->
