<?xml version="1.0" encoding="UTF-8"?>
<!-- Generated by org.testng.reporters.JUnitReportReporter -->
<testsuite hostname="DESKTOP-FPHL6N3" failures="0" tests="1" name="Webdrivers.WebelementModule" time="10.885" errors="0" timestamp="2021-07-20T13:23:00 IST" skipped="0">
  <testcase classname="Webdrivers.WebelementModule" name="Script1" time="10.885"/>
  <system-out/>
</testsuite> <!-- Webdrivers.WebelementModule -->
