<?xml version="1.0" encoding="UTF-8"?>
<!-- Generated by org.testng.reporters.JUnitReportReporter -->
<testsuite hostname="DESKTOP-FPHL6N3" failures="0" tests="1" name="Webdrivers.GetMethods" time="36.181" errors="0" timestamp="2021-07-17T11:53:43 IST" skipped="0">
  <testcase classname="Webdrivers.GetMethods" name="script" time="36.181"/>
  <system-out/>
</testsuite> <!-- Webdrivers.GetMethods -->
