<?xml version="1.0" encoding="UTF-8"?>
<!-- Generated by org.testng.reporters.JUnitReportReporter -->
<testsuite hostname="DESKTOP-FPHL6N3" failures="0" tests="1" name="Webdrivers.WaitstatementImplicit" time="19.051" errors="0" timestamp="2021-07-18T13:24:09 IST" skipped="0">
  <testcase classname="Webdrivers.WaitstatementImplicit" name="Script" time="19.051"/>
  <system-out/>
</testsuite> <!-- Webdrivers.WaitstatementImplicit -->
