<?xml version="1.0" encoding="UTF-8"?>
<!-- Generated by org.testng.reporters.JUnitReportReporter -->
<testsuite hostname="DESKTOP-FPHL6N3" failures="0" tests="1" name="Webdrivers.JavaScriptEexcuter" time="20.509" errors="0" timestamp="2021-07-21T22:03:52 IST" skipped="0">
  <testcase classname="Webdrivers.JavaScriptEexcuter" name="f" time="20.509"/>
  <system-out/>
</testsuite> <!-- Webdrivers.JavaScriptEexcuter -->
