<?xml version="1.0" encoding="UTF-8"?>
<!-- Generated by org.testng.reporters.JUnitReportReporter -->
<testsuite hostname="DESKTOP-FPHL6N3" failures="0" tests="1" name="Webdrivers.UnorderedList" time="61.859" errors="0" timestamp="2021-07-20T22:03:58 IST" skipped="0">
  <testcase classname="Webdrivers.UnorderedList" name="script1" time="61.859"/>
  <system-out/>
</testsuite> <!-- Webdrivers.UnorderedList -->
