<?xml version="1.0" encoding="UTF-8"?>
<!-- Generated by org.testng.reporters.JUnitReportReporter -->
<testsuite hostname="DESKTOP-FPHL6N3" failures="0" tests="1" name="Functionality.Login" time="10.681" errors="0" timestamp="2021-07-21T16:41:30 IST" skipped="0">
  <testcase classname="Functionality.Login" name="f" time="10.681"/>
  <system-out/>
</testsuite> <!-- Functionality.Login -->
