<?xml version="1.0" encoding="UTF-8"?>
<!-- Generated by org.testng.reporters.JUnitReportReporter -->
<testsuite hostname="DESKTOP-FPHL6N3" failures="0" tests="1" name="Webdrivers.ConfirmationAlert" time="9.793" errors="0" timestamp="2021-07-19T14:19:53 IST" skipped="0">
  <testcase classname="Webdrivers.ConfirmationAlert" name="script1" time="9.793"/>
  <system-out/>
</testsuite> <!-- Webdrivers.ConfirmationAlert -->
