<?xml version="1.0" encoding="UTF-8"?>
<!-- Generated by org.testng.reporters.JUnitReportReporter -->
<testsuite hostname="DESKTOP-FPHL6N3" failures="0" tests="1" name="Webdrivers.Downloadfile" time="13.076" errors="0" timestamp="2021-07-26T19:34:47 IST" skipped="0">
  <testcase classname="Webdrivers.Downloadfile" name="f" time="13.076"/>
  <system-out/>
</testsuite> <!-- Webdrivers.Downloadfile -->
