<?xml version="1.0" encoding="UTF-8"?>
<!-- Generated by org.testng.reporters.JUnitReportReporter -->
<testsuite hostname="DESKTOP-FPHL6N3" failures="0" tests="1" name="Webdrivers.AddCookies" time="44.795" errors="0" timestamp="2021-07-25T18:16:18 IST" skipped="0">
  <testcase classname="Webdrivers.AddCookies" name="f" time="44.795"/>
  <system-out/>
</testsuite> <!-- Webdrivers.AddCookies -->
