<?xml version="1.0" encoding="UTF-8"?>
<!-- Generated by org.testng.reporters.JUnitReportReporter -->
<testsuite hostname="DESKTOP-FPHL6N3" failures="0" tests="1" name="Webdrivers.AlertModule3" time="65.325" errors="0" timestamp="2021-07-16T10:28:26 IST" skipped="0">
  <testcase classname="Webdrivers.AlertModule3" name="script1" time="65.325"/>
  <system-out/>
</testsuite> <!-- Webdrivers.AlertModule3 -->
