<?xml version="1.0" encoding="UTF-8"?>
<!-- Generated by org.testng.reporters.JUnitReportReporter -->
<testsuite hostname="DESKTOP-FPHL6N3" failures="0" tests="1" name="Webdrivers.TooltipModule2" time="25.550" errors="0" timestamp="2021-07-25T13:59:31 IST" skipped="0">
  <testcase classname="Webdrivers.TooltipModule2" name="script1" time="25.550"/>
  <system-out/>
</testsuite> <!-- Webdrivers.TooltipModule2 -->
