<?xml version="1.0" encoding="UTF-8"?>
<!-- Generated by org.testng.reporters.JUnitReportReporter -->
<testsuite hostname="DESKTOP-FPHL6N3" failures="0" tests="1" name="Webdrivers.WindowhandleOne" time="19.252" errors="0" timestamp="2021-07-17T19:04:43 IST" skipped="0">
  <testcase classname="Webdrivers.WindowhandleOne" name="Script" time="19.252"/>
  <system-out/>
</testsuite> <!-- Webdrivers.WindowhandleOne -->
