<?xml version="1.0" encoding="UTF-8"?>
<!-- Generated by org.testng.reporters.JUnitReportReporter -->
<testsuite hostname="DESKTOP-FPHL6N3" failures="0" tests="1" name="Webdrivers.ScrolupScroldown" time="11.619" errors="0" timestamp="2021-07-21T22:14:18 IST" skipped="0">
  <testcase classname="Webdrivers.ScrolupScroldown" name="f" time="11.619"/>
  <system-out/>
</testsuite> <!-- Webdrivers.ScrolupScroldown -->
