<?xml version="1.0" encoding="UTF-8"?>
<!-- Generated by org.testng.reporters.JUnitReportReporter -->
<testsuite hostname="DESKTOP-FPHL6N3" failures="0" tests="1" name="Webdrivers.OrdervalueProgram" time="22.667" errors="0" timestamp="2021-07-20T17:28:44 IST" skipped="0">
  <testcase classname="Webdrivers.OrdervalueProgram" name="Script" time="22.667"/>
  <system-out/>
</testsuite> <!-- Webdrivers.OrdervalueProgram -->
