<?xml version="1.0" encoding="UTF-8"?>
<!-- Generated by org.testng.reporters.JUnitReportReporter -->
<testsuite hostname="DESKTOP-FPHL6N3" failures="0" tests="1" name="Webdrivers.ButtonModule" time="30.323" errors="0" timestamp="2021-07-14T21:27:23 IST" skipped="0">
  <testcase classname="Webdrivers.ButtonModule" name="script1" time="30.323"/>
  <system-out/>
</testsuite> <!-- Webdrivers.ButtonModule -->
