<?xml version="1.0" encoding="UTF-8"?>
<!-- Generated by org.testng.reporters.JUnitReportReporter -->
<testsuite hostname="DESKTOP-FPHL6N3" failures="0" tests="1" name="Webdrivers.WindowHandling" time="11.698" errors="0" timestamp="2021-07-17T14:34:08 IST" skipped="0">
  <testcase classname="Webdrivers.WindowHandling" name="sript" time="11.698"/>
  <system-out/>
</testsuite> <!-- Webdrivers.WindowHandling -->
