<?xml version="1.0" encoding="UTF-8"?>
<!-- Generated by org.testng.reporters.JUnitReportReporter -->
<testsuite hostname="DESKTOP-FPHL6N3" failures="0" tests="1" name="Webdrivers.DragdropModule" time="35.885" errors="0" timestamp="2021-07-20T09:02:54 IST" skipped="0">
  <testcase classname="Webdrivers.DragdropModule" name="Script1" time="35.885"/>
  <system-out/>
</testsuite> <!-- Webdrivers.DragdropModule -->
