<?xml version="1.0" encoding="UTF-8"?>
<!-- Generated by org.testng.reporters.JUnitReportReporter -->
<testsuite hostname="DESKTOP-FPHL6N3" failures="0" tests="1" name="Webdrivers.EditModule" time="21.517" errors="0" timestamp="2021-07-14T17:59:57 IST" skipped="0">
  <testcase classname="Webdrivers.EditModule" name="script1" time="21.517"/>
  <system-out/>
</testsuite> <!-- Webdrivers.EditModule -->
