<?xml version="1.0" encoding="UTF-8"?>
<!-- Generated by org.testng.reporters.JUnitReportReporter -->
<testsuite hostname="DESKTOP-FPHL6N3" failures="0" tests="1" name="Webdrivers.CheckboxModule" time="21.604" errors="0" timestamp="2021-07-19T16:47:03 IST" skipped="0">
  <testcase classname="Webdrivers.CheckboxModule" name="script1" time="21.604"/>
  <system-out/>
</testsuite> <!-- Webdrivers.CheckboxModule -->
