<?xml version="1.0" encoding="UTF-8"?>
<!-- Generated by org.testng.reporters.JUnitReportReporter -->
<testsuite hostname="DESKTOP-FPHL6N3" failures="0" tests="1" name="Webdrivers.RadiobuttonModule" time="39.873" errors="0" timestamp="2021-07-19T16:32:18 IST" skipped="0">
  <testcase classname="Webdrivers.RadiobuttonModule" name="script1" time="39.873"/>
  <system-out/>
</testsuite> <!-- Webdrivers.RadiobuttonModule -->
