<?xml version="1.0" encoding="UTF-8"?>
<!-- Generated by org.testng.reporters.JUnitReportReporter -->
<testsuite hostname="DESKTOP-FPHL6N3" failures="0" tests="1" name="Webdrivers.FramesHandling" time="12.533" errors="0" timestamp="2021-07-20T09:30:06 IST" skipped="0">
  <testcase classname="Webdrivers.FramesHandling" name="Script1" time="12.533"/>
  <system-out/>
</testsuite> <!-- Webdrivers.FramesHandling -->
