<?xml version="1.0" encoding="UTF-8"?>
<!-- Generated by org.testng.reporters.JUnitReportReporter -->
<testsuite hostname="DESKTOP-FPHL6N3" failures="0" tests="1" name="Webdrivers.TakeScreenshot" time="58.670" errors="0" timestamp="2021-07-20T22:19:44 IST" skipped="0">
  <testcase classname="Webdrivers.TakeScreenshot" name="script" time="58.670"/>
  <system-out/>
</testsuite> <!-- Webdrivers.TakeScreenshot -->
