<?xml version="1.0" encoding="UTF-8"?>
<!-- Generated by org.testng.reporters.JUnitReportReporter -->
<testsuite hostname="DESKTOP-FPHL6N3" failures="0" tests="1" name="Webdrivers.WaitStatements" time="44.521" errors="0" timestamp="2021-07-18T13:16:55 IST" skipped="0">
  <testcase classname="Webdrivers.WaitStatements" name="Script" time="44.521"/>
  <system-out/>
</testsuite> <!-- Webdrivers.WaitStatements -->
