<?xml version="1.0" encoding="UTF-8"?>
<!-- Generated by org.testng.reporters.JUnitReportReporter -->
<testsuite hostname="DESKTOP-FPHL6N3" failures="0" tests="1" name="Webdrivers.ScreenshotAlert" time="31.554" errors="0" timestamp="2021-07-21T09:48:58 IST" skipped="0">
  <testcase classname="Webdrivers.ScreenshotAlert" name="script1" time="31.554"/>
  <system-out/>
</testsuite> <!-- Webdrivers.ScreenshotAlert -->
