<?xml version="1.0" encoding="UTF-8"?>
<!-- Generated by org.testng.reporters.JUnitReportReporter -->
<testsuite hostname="DESKTOP-FPHL6N3" failures="0" tests="1" name="Webdrivers.DropdownModule" time="17.327" errors="0" timestamp="2021-07-15T08:58:23 IST" skipped="0">
  <testcase classname="Webdrivers.DropdownModule" name="script1" time="17.327"/>
  <system-out/>
</testsuite> <!-- Webdrivers.DropdownModule -->
