<?xml version="1.0" encoding="UTF-8"?>
<!-- Generated by org.testng.reporters.JUnitReportReporter -->
<testsuite hostname="DESKTOP-FPHL6N3" failures="0" tests="1" name="Webdrivers.HyperlinkText" time="74.387" errors="0" timestamp="2021-07-19T16:31:12 IST" skipped="0">
  <testcase classname="Webdrivers.HyperlinkText" name="script1" time="74.387"/>
  <system-out/>
</testsuite> <!-- Webdrivers.HyperlinkText -->
