<?xml version="1.0" encoding="UTF-8"?>
<!-- Generated by org.testng.reporters.JUnitReportReporter -->
<testsuite hostname="DESKTOP-FPHL6N3" failures="0" tests="1" name="Functionality.Login1" time="11.973" errors="0" timestamp="2021-07-21T17:08:14 IST" skipped="0">
  <testcase classname="Functionality.Login1" name="f1" time="11.973"/>
  <system-out/>
</testsuite> <!-- Functionality.Login1 -->
