<?xml version="1.0" encoding="UTF-8"?>
<!-- Generated by org.testng.reporters.JUnitReportReporter -->
<testsuite hostname="DESKTOP-FPHL6N3" failures="0" tests="1" name="Webdrivers.Apacheprogram" time="2.818" errors="0" timestamp="2021-07-26T11:04:15 IST" skipped="0">
  <testcase classname="Webdrivers.Apacheprogram" name="f" time="2.818"/>
  <system-out/>
</testsuite> <!-- Webdrivers.Apacheprogram -->
