<?xml version="1.0" encoding="UTF-8"?>
<!-- Generated by org.testng.reporters.JUnitReportReporter -->
<testsuite hostname="DESKTOP-FPHL6N3" failures="0" tests="1" name="Webdrivers.AlertModule" time="36.611" errors="0" timestamp="2021-07-25T11:15:32 IST" skipped="0">
  <testcase classname="Webdrivers.AlertModule" name="script1" time="36.611"/>
  <system-out/>
</testsuite> <!-- Webdrivers.AlertModule -->
