<?xml version="1.0" encoding="UTF-8"?>
<!-- Generated by org.testng.reporters.JUnitReportReporter -->
<testsuite hostname="DESKTOP-FPHL6N3" failures="0" tests="1" name="Webdrivers.Frameindexvalue" time="11.986" errors="0" timestamp="2021-07-19T09:00:07 IST" skipped="0">
  <testcase classname="Webdrivers.Frameindexvalue" name="script1" time="11.986"/>
  <system-out/>
</testsuite> <!-- Webdrivers.Frameindexvalue -->
